  [1m[35m (367.3ms)[0m  [1m[35mCREATE DATABASE "networking_development" ENCODING = 'unicode'[0m
  ↳ ./bin/rails:4
  [1m[35m (281.3ms)[0m  [1m[35mCREATE DATABASE "networking_test" ENCODING = 'unicode'[0m
  ↳ ./bin/rails:4
  [1m[35m (8.3ms)[0m  [1m[35mCREATE TABLE "schema_migrations" ("version" character varying NOT NULL PRIMARY KEY)[0m
  ↳ ./bin/rails:4
  [1m[35m (5.8ms)[0m  [1m[35mCREATE TABLE "ar_internal_metadata" ("key" character varying NOT NULL PRIMARY KEY, "value" character varying, "created_at" timestamp NOT NULL, "updated_at" timestamp NOT NULL)[0m
  ↳ ./bin/rails:4
  [1m[35m (0.2ms)[0m  [1m[34mSELECT pg_try_advisory_lock(3136908139104059250)[0m
  ↳ ./bin/rails:4
  [1m[35m (0.4ms)[0m  [1m[34mSELECT "schema_migrations"."version" FROM "schema_migrations" ORDER BY "schema_migrations"."version" ASC[0m
  ↳ ./bin/rails:4
  [1m[36mActiveRecord::InternalMetadata Load (0.3ms)[0m  [1m[34mSELECT  "ar_internal_metadata".* FROM "ar_internal_metadata" WHERE "ar_internal_metadata"."key" = $1 LIMIT $2[0m  [["key", "environment"], ["LIMIT", 1]]
  ↳ ./bin/rails:4
  [1m[35m (0.2ms)[0m  [1m[35mBEGIN[0m
  ↳ ./bin/rails:4
  [1m[36mActiveRecord::InternalMetadata Create (0.4ms)[0m  [1m[32mINSERT INTO "ar_internal_metadata" ("key", "value", "created_at", "updated_at") VALUES ($1, $2, $3, $4) RETURNING "key"[0m  [["key", "environment"], ["value", "development"], ["created_at", "2019-12-15 10:03:10.637852"], ["updated_at", "2019-12-15 10:03:10.637852"]]
  ↳ ./bin/rails:4
  [1m[35m (1.0ms)[0m  [1m[35mCOMMIT[0m
  ↳ ./bin/rails:4
  [1m[35m (0.2ms)[0m  [1m[34mSELECT pg_advisory_unlock(3136908139104059250)[0m
  ↳ ./bin/rails:4
  [1m[35m (0.2ms)[0m  [1m[34mSELECT "schema_migrations"."version" FROM "schema_migrations" ORDER BY "schema_migrations"."version" ASC[0m
  ↳ ./bin/rails:4
Started GET "/" for ::1 at 2019-12-15 12:08:40 +0200
Processing by Rails::WelcomeController#index as HTML
  Rendering /home/inon/.rbenv/versions/2.6.3/lib/ruby/gems/2.6.0/gems/railties-5.2.4/lib/rails/templates/rails/welcome/index.html.erb
  Rendered /home/inon/.rbenv/versions/2.6.3/lib/ruby/gems/2.6.0/gems/railties-5.2.4/lib/rails/templates/rails/welcome/index.html.erb (2.4ms)
Completed 200 OK in 9ms (Views: 4.9ms | ActiveRecord: 0.0ms)


  [1m[35m (0.2ms)[0m  [1m[34mSELECT pg_try_advisory_lock(3136908139104059250)[0m
  ↳ ./bin/rails:4
  [1m[35m (0.4ms)[0m  [1m[34mSELECT "schema_migrations"."version" FROM "schema_migrations" ORDER BY "schema_migrations"."version" ASC[0m
  ↳ ./bin/rails:4
Migrating to CreateUsers (20191215102013)
  [1m[35m (0.2ms)[0m  [1m[34mSELECT pg_advisory_unlock(3136908139104059250)[0m
  ↳ ./bin/rails:4
  [1m[35m (0.1ms)[0m  [1m[34mSELECT pg_try_advisory_lock(3136908139104059250)[0m
  ↳ ./bin/rails:4
  [1m[35m (0.4ms)[0m  [1m[34mSELECT "schema_migrations"."version" FROM "schema_migrations" ORDER BY "schema_migrations"."version" ASC[0m
  ↳ ./bin/rails:4
Migrating to CreateUsers (20191215104939)
  [1m[35m (0.2ms)[0m  [1m[35mBEGIN[0m
  ↳ ./bin/rails:4
  [1m[35m (12.1ms)[0m  [1m[35mCREATE TABLE "users" ("id" bigserial primary key, "email" character varying, "password" character varying, "full_name" character varying, "profile_id" bigint, "created_at" timestamp NOT NULL, "updated_at" timestamp NOT NULL, CONSTRAINT "fk_rails_a8794354f0"
FOREIGN KEY ("profile_id")
  REFERENCES "profiles" ("id")
)[0m
  ↳ db/migrate/20191215104939_create_users.rb:3
  [1m[35m (0.2ms)[0m  [1m[31mROLLBACK[0m
  ↳ ./bin/rails:4
  [1m[35m (0.5ms)[0m  [1m[34mSELECT pg_advisory_unlock(3136908139104059250)[0m
  ↳ ./bin/rails:4
  [1m[35m (0.1ms)[0m  [1m[34mSELECT pg_try_advisory_lock(3136908139104059250)[0m
  ↳ ./bin/rails:4
  [1m[35m (0.4ms)[0m  [1m[34mSELECT "schema_migrations"."version" FROM "schema_migrations" ORDER BY "schema_migrations"."version" ASC[0m
  ↳ ./bin/rails:4
Migrating to CreateUsers (20191215104939)
  [1m[35m (0.1ms)[0m  [1m[35mBEGIN[0m
  ↳ ./bin/rails:4
  [1m[35m (12.8ms)[0m  [1m[35mCREATE TABLE "users" ("id" bigserial primary key, "email" character varying, "password" character varying, "full_name" character varying, "profile_id" bigint, "created_at" timestamp NOT NULL, "updated_at" timestamp NOT NULL, CONSTRAINT "fk_rails_a8794354f0"
FOREIGN KEY ("profile_id")
  REFERENCES "profiles" ("id")
)[0m
  ↳ db/migrate/20191215104939_create_users.rb:3
  [1m[35m (0.3ms)[0m  [1m[31mROLLBACK[0m
  ↳ ./bin/rails:4
  [1m[35m (0.5ms)[0m  [1m[34mSELECT pg_advisory_unlock(3136908139104059250)[0m
  ↳ ./bin/rails:4
  [1m[35m (0.1ms)[0m  [1m[34mSELECT pg_try_advisory_lock(3136908139104059250)[0m
  ↳ ./bin/rails:4
  [1m[35m (0.3ms)[0m  [1m[34mSELECT "schema_migrations"."version" FROM "schema_migrations" ORDER BY "schema_migrations"."version" ASC[0m
  ↳ ./bin/rails:4
Migrating to CreateUsers (20191215104939)
  [1m[35m (0.1ms)[0m  [1m[35mBEGIN[0m
  ↳ ./bin/rails:4
  [1m[35m (8.2ms)[0m  [1m[35mCREATE TABLE "users" ("id" bigserial primary key, "email" character varying, "password" character varying, "full_name" character varying, "profiles_id" bigint, "created_at" timestamp NOT NULL, "updated_at" timestamp NOT NULL, CONSTRAINT "fk_rails_8b4fb32681"
FOREIGN KEY ("profiles_id")
  REFERENCES "profiles" ("id")
)[0m
  ↳ db/migrate/20191215104939_create_users.rb:3
  [1m[35m (0.1ms)[0m  [1m[31mROLLBACK[0m
  ↳ ./bin/rails:4
  [1m[35m (0.1ms)[0m  [1m[34mSELECT pg_advisory_unlock(3136908139104059250)[0m
  ↳ ./bin/rails:4
  [1m[35m (0.3ms)[0m  [1m[35mCREATE DATABASE "networking_development" ENCODING = 'unicode'[0m
  ↳ ./bin/rails:4
  [1m[35m (0.3ms)[0m  [1m[35mCREATE DATABASE "networking_test" ENCODING = 'unicode'[0m
  ↳ ./bin/rails:4
  [1m[35m (0.1ms)[0m  [1m[34mSELECT pg_try_advisory_lock(3136908139104059250)[0m
  ↳ ./bin/rails:4
  [1m[35m (0.7ms)[0m  [1m[34mSELECT "schema_migrations"."version" FROM "schema_migrations" ORDER BY "schema_migrations"."version" ASC[0m
  ↳ ./bin/rails:4
Migrating to CreateUsers (20191215104939)
  [1m[35m (0.2ms)[0m  [1m[35mBEGIN[0m
  ↳ ./bin/rails:4
  [1m[35m (10.3ms)[0m  [1m[35mCREATE TABLE "users" ("id" bigserial primary key, "email" character varying, "password" character varying, "full_name" character varying, "profiles_id" bigint, "created_at" timestamp NOT NULL, "updated_at" timestamp NOT NULL, CONSTRAINT "fk_rails_8b4fb32681"
FOREIGN KEY ("profiles_id")
  REFERENCES "profiles" ("id")
)[0m
  ↳ db/migrate/20191215104939_create_users.rb:3
  [1m[35m (0.2ms)[0m  [1m[31mROLLBACK[0m
  ↳ ./bin/rails:4
  [1m[35m (0.2ms)[0m  [1m[34mSELECT pg_advisory_unlock(3136908139104059250)[0m
  ↳ ./bin/rails:4
  [1m[35m (0.4ms)[0m  [1m[34mSELECT "schema_migrations"."version" FROM "schema_migrations" ORDER BY "schema_migrations"."version" ASC[0m
  ↳ ./bin/rails:4
  [1m[35m (0.2ms)[0m  [1m[34mSELECT "schema_migrations"."version" FROM "schema_migrations" ORDER BY "schema_migrations"."version" ASC[0m
  ↳ ./bin/rails:4
  [1m[35m (0.2ms)[0m  [1m[34mSELECT pg_try_advisory_lock(3136908139104059250)[0m
  ↳ ./bin/rails:4
  [1m[35m (0.2ms)[0m  [1m[34mSELECT "schema_migrations"."version" FROM "schema_migrations" ORDER BY "schema_migrations"."version" ASC[0m
  ↳ ./bin/rails:4
  [1m[35m (0.2ms)[0m  [1m[34mSELECT pg_advisory_unlock(3136908139104059250)[0m
  ↳ ./bin/rails:4
  [1m[35m (0.1ms)[0m  [1m[34mSELECT "schema_migrations"."version" FROM "schema_migrations" ORDER BY "schema_migrations"."version" ASC[0m
  ↳ ./bin/rails:4
  [1m[35m (0.2ms)[0m  [1m[34mSELECT pg_try_advisory_lock(3136908139104059250)[0m
  ↳ ./bin/rails:4
  [1m[35m (0.4ms)[0m  [1m[34mSELECT "schema_migrations"."version" FROM "schema_migrations" ORDER BY "schema_migrations"."version" ASC[0m
  ↳ ./bin/rails:4
Migrating to CreateProfiles (20191215115826)
  [1m[35m (0.1ms)[0m  [1m[35mBEGIN[0m
  ↳ ./bin/rails:4
  [1m[35m (10.1ms)[0m  [1m[35mCREATE TABLE "profiles" ("id" bigserial primary key, "current_role" character varying, "self_description" text, "github_username" character varying, "slack_usename" character varying, "user_id" bigint, "created_at" timestamp NOT NULL, "updated_at" timestamp NOT NULL, CONSTRAINT "fk_rails_e424190865"
FOREIGN KEY ("user_id")
  REFERENCES "users" ("id")
)[0m
  ↳ db/migrate/20191215115826_create_profiles.rb:3
  [1m[35m (0.1ms)[0m  [1m[31mROLLBACK[0m
  ↳ ./bin/rails:4
  [1m[35m (0.2ms)[0m  [1m[34mSELECT pg_advisory_unlock(3136908139104059250)[0m
  ↳ ./bin/rails:4
  [1m[35m (0.2ms)[0m  [1m[34mSELECT pg_try_advisory_lock(3136908139104059250)[0m
  ↳ ./bin/rails:4
  [1m[35m (0.4ms)[0m  [1m[34mSELECT "schema_migrations"."version" FROM "schema_migrations" ORDER BY "schema_migrations"."version" ASC[0m
  ↳ ./bin/rails:4
Migrating to CreateProfiles (20191215115826)
  [1m[35m (0.1ms)[0m  [1m[35mBEGIN[0m
  ↳ ./bin/rails:4
  [1m[35m (9.0ms)[0m  [1m[35mCREATE TABLE "profiles" ("id" bigserial primary key, "current_role" character varying, "self_description" text, "github_username" character varying, "slack_usename" character varying, "created_at" timestamp NOT NULL, "updated_at" timestamp NOT NULL)[0m
  ↳ db/migrate/20191215115826_create_profiles.rb:3
  [1m[36mActiveRecord::SchemaMigration Create (1.3ms)[0m  [1m[32mINSERT INTO "schema_migrations" ("version") VALUES ($1) RETURNING "version"[0m  [["version", "20191215115826"]]
  ↳ ./bin/rails:4
  [1m[35m (2.1ms)[0m  [1m[35mCOMMIT[0m
  ↳ ./bin/rails:4
  [1m[36mActiveRecord::InternalMetadata Load (0.4ms)[0m  [1m[34mSELECT  "ar_internal_metadata".* FROM "ar_internal_metadata" WHERE "ar_internal_metadata"."key" = $1 LIMIT $2[0m  [["key", "environment"], ["LIMIT", 1]]
  ↳ ./bin/rails:4
  [1m[35m (0.1ms)[0m  [1m[35mBEGIN[0m
  ↳ ./bin/rails:4
  [1m[35m (0.2ms)[0m  [1m[35mCOMMIT[0m
  ↳ ./bin/rails:4
  [1m[35m (0.4ms)[0m  [1m[34mSELECT pg_advisory_unlock(3136908139104059250)[0m
  ↳ ./bin/rails:4
  [1m[35m (0.3ms)[0m  [1m[34mSELECT "schema_migrations"."version" FROM "schema_migrations" ORDER BY "schema_migrations"."version" ASC[0m
  ↳ ./bin/rails:4
  [1m[35m (0.4ms)[0m  [1m[34mSELECT "schema_migrations"."version" FROM "schema_migrations" ORDER BY "schema_migrations"."version" ASC[0m
  ↳ ./bin/rails:4
  [1m[35m (0.2ms)[0m  [1m[34mSELECT "ar_internal_metadata"."value" FROM "ar_internal_metadata" WHERE "ar_internal_metadata"."key" = $1[0m  [["key", "environment"]]
  ↳ ./bin/rails:4
  [1m[35m (0.2ms)[0m  [1m[34mSELECT "schema_migrations"."version" FROM "schema_migrations" ORDER BY "schema_migrations"."version" ASC[0m
  ↳ ./bin/rails:4
  [1m[35m (0.1ms)[0m  [1m[34mSELECT "ar_internal_metadata"."value" FROM "ar_internal_metadata" WHERE "ar_internal_metadata"."key" = $1[0m  [["key", "environment"]]
  ↳ ./bin/rails:4
  [1m[35m (0.1ms)[0m  [1m[34mSELECT "schema_migrations"."version" FROM "schema_migrations" ORDER BY "schema_migrations"."version" ASC[0m
  ↳ ./bin/rails:4
  [1m[35m (0.1ms)[0m  [1m[34mSELECT "ar_internal_metadata"."value" FROM "ar_internal_metadata" WHERE "ar_internal_metadata"."key" = $1[0m  [["key", "environment"]]
  ↳ ./bin/rails:4
  [1m[35m (129.2ms)[0m  [1m[35mDROP DATABASE IF EXISTS "networking_development"[0m
  ↳ ./bin/rails:4
  [1m[35m (109.5ms)[0m  [1m[35mDROP DATABASE IF EXISTS "networking_test"[0m
  ↳ ./bin/rails:4
  [1m[35m (278.6ms)[0m  [1m[35mCREATE DATABASE "networking_development" ENCODING = 'unicode'[0m
  ↳ ./bin/rails:4
  [1m[35m (259.2ms)[0m  [1m[35mCREATE DATABASE "networking_test" ENCODING = 'unicode'[0m
  ↳ ./bin/rails:4
  [1m[35m (7.8ms)[0m  [1m[35mCREATE TABLE "schema_migrations" ("version" character varying NOT NULL PRIMARY KEY)[0m
  ↳ ./bin/rails:4
  [1m[35m (9.6ms)[0m  [1m[35mCREATE TABLE "ar_internal_metadata" ("key" character varying NOT NULL PRIMARY KEY, "value" character varying, "created_at" timestamp NOT NULL, "updated_at" timestamp NOT NULL)[0m
  ↳ ./bin/rails:4
  [1m[35m (0.5ms)[0m  [1m[34mSELECT pg_try_advisory_lock(3136908139104059250)[0m
  ↳ ./bin/rails:4
  [1m[35m (1.3ms)[0m  [1m[34mSELECT "schema_migrations"."version" FROM "schema_migrations" ORDER BY "schema_migrations"."version" ASC[0m
  ↳ ./bin/rails:4
Migrating to CreateUsers (20191215120815)
  [1m[35m (0.4ms)[0m  [1m[35mBEGIN[0m
  ↳ ./bin/rails:4
  [1m[35m (10.8ms)[0m  [1m[35mCREATE TABLE "users" ("id" bigserial primary key, "email" character varying, "password" character varying, "full_name" character varying, "created_at" timestamp NOT NULL, "updated_at" timestamp NOT NULL)[0m
  ↳ db/migrate/20191215120815_create_users.rb:3
  [1m[36mActiveRecord::SchemaMigration Create (1.1ms)[0m  [1m[32mINSERT INTO "schema_migrations" ("version") VALUES ($1) RETURNING "version"[0m  [["version", "20191215120815"]]
  ↳ ./bin/rails:4
  [1m[35m (1.6ms)[0m  [1m[35mCOMMIT[0m
  ↳ ./bin/rails:4
Migrating to CreateProfiles (20191215120851)
  [1m[35m (0.3ms)[0m  [1m[35mBEGIN[0m
  ↳ ./bin/rails:4
  [1m[35m (10.6ms)[0m  [1m[35mCREATE TABLE "profiles" ("id" bigserial primary key, "current_role" character varying, "self_description" text, "github_username" character varying, "slack_usename" character varying, "user_id" bigint, "created_at" timestamp NOT NULL, "updated_at" timestamp NOT NULL, CONSTRAINT "fk_rails_e424190865"
FOREIGN KEY ("user_id")
  REFERENCES "users" ("id")
)[0m
  ↳ db/migrate/20191215120851_create_profiles.rb:3
  [1m[35m (2.8ms)[0m  [1m[35mCREATE  INDEX  "index_profiles_on_user_id" ON "profiles"  ("user_id")[0m
  ↳ db/migrate/20191215120851_create_profiles.rb:3
  [1m[36mActiveRecord::SchemaMigration Create (0.3ms)[0m  [1m[32mINSERT INTO "schema_migrations" ("version") VALUES ($1) RETURNING "version"[0m  [["version", "20191215120851"]]
  ↳ ./bin/rails:4
  [1m[35m (1.1ms)[0m  [1m[35mCOMMIT[0m
  ↳ ./bin/rails:4
Migrating to CreateSkills (20191215121012)
  [1m[35m (0.2ms)[0m  [1m[35mBEGIN[0m
  ↳ ./bin/rails:4
  [1m[35m (5.4ms)[0m  [1m[35mCREATE TABLE "skills" ("id" bigserial primary key, "name" character varying, "experience" integer, "created_at" timestamp NOT NULL, "updated_at" timestamp NOT NULL)[0m
  ↳ db/migrate/20191215121012_create_skills.rb:3
  [1m[36mActiveRecord::SchemaMigration Create (0.3ms)[0m  [1m[32mINSERT INTO "schema_migrations" ("version") VALUES ($1) RETURNING "version"[0m  [["version", "20191215121012"]]
  ↳ ./bin/rails:4
  [1m[35m (1.0ms)[0m  [1m[35mCOMMIT[0m
  ↳ ./bin/rails:4
Migrating to CreateProfileSkills (20191215121315)
  [1m[35m (0.2ms)[0m  [1m[35mBEGIN[0m
  ↳ ./bin/rails:4
  [1m[35m (4.2ms)[0m  [1m[35mCREATE TABLE "profile_skills" ("id" bigserial primary key, "skill_id" bigint, "profile_id" bigint, "created_at" timestamp NOT NULL, "updated_at" timestamp NOT NULL, CONSTRAINT "fk_rails_6ffa0cca5e"
FOREIGN KEY ("skill_id")
  REFERENCES "skills" ("id")
, CONSTRAINT "fk_rails_c2adc2d0c6"
FOREIGN KEY ("profile_id")
  REFERENCES "profiles" ("id")
)[0m
  ↳ db/migrate/20191215121315_create_profile_skills.rb:3
  [1m[35m (2.5ms)[0m  [1m[35mCREATE  INDEX  "index_profile_skills_on_skill_id" ON "profile_skills"  ("skill_id")[0m
  ↳ db/migrate/20191215121315_create_profile_skills.rb:3
  [1m[35m (4.2ms)[0m  [1m[35mCREATE  INDEX  "index_profile_skills_on_profile_id" ON "profile_skills"  ("profile_id")[0m
  ↳ db/migrate/20191215121315_create_profile_skills.rb:3
  [1m[36mActiveRecord::SchemaMigration Create (0.7ms)[0m  [1m[32mINSERT INTO "schema_migrations" ("version") VALUES ($1) RETURNING "version"[0m  [["version", "20191215121315"]]
  ↳ ./bin/rails:4
  [1m[35m (1.7ms)[0m  [1m[35mCOMMIT[0m
  ↳ ./bin/rails:4
  [1m[36mActiveRecord::InternalMetadata Load (0.6ms)[0m  [1m[34mSELECT  "ar_internal_metadata".* FROM "ar_internal_metadata" WHERE "ar_internal_metadata"."key" = $1 LIMIT $2[0m  [["key", "environment"], ["LIMIT", 1]]
  ↳ ./bin/rails:4
  [1m[35m (0.1ms)[0m  [1m[35mBEGIN[0m
  ↳ ./bin/rails:4
  [1m[36mActiveRecord::InternalMetadata Create (0.3ms)[0m  [1m[32mINSERT INTO "ar_internal_metadata" ("key", "value", "created_at", "updated_at") VALUES ($1, $2, $3, $4) RETURNING "key"[0m  [["key", "environment"], ["value", "development"], ["created_at", "2019-12-15 12:15:06.600356"], ["updated_at", "2019-12-15 12:15:06.600356"]]
  ↳ ./bin/rails:4
  [1m[35m (1.0ms)[0m  [1m[35mCOMMIT[0m
  ↳ ./bin/rails:4
  [1m[35m (0.1ms)[0m  [1m[34mSELECT pg_advisory_unlock(3136908139104059250)[0m
  ↳ ./bin/rails:4
  [1m[35m (0.2ms)[0m  [1m[34mSELECT "schema_migrations"."version" FROM "schema_migrations" ORDER BY "schema_migrations"."version" ASC[0m
  ↳ ./bin/rails:4
